ARM GAS  /tmp/ccy5MYcg.s 			page 1


   1              		.cpu cortex-m3
   2              		.eabi_attribute 20, 1
   3              		.eabi_attribute 21, 1
   4              		.eabi_attribute 23, 3
   5              		.eabi_attribute 24, 1
   6              		.eabi_attribute 25, 1
   7              		.eabi_attribute 26, 1
   8              		.eabi_attribute 30, 1
   9              		.eabi_attribute 34, 1
  10              		.eabi_attribute 18, 4
  11              		.file	"gpio.c"
  12              		.text
  13              	.Ltext0:
  14              		.cfi_sections	.debug_frame
  15              		.section	.text.MX_GPIO_Init,"ax",%progbits
  16              		.align	1
  17              		.global	MX_GPIO_Init
  18              		.arch armv7-m
  19              		.syntax unified
  20              		.thumb
  21              		.thumb_func
  22              		.fpu softvfp
  24              	MX_GPIO_Init:
  25              	.LFB65:
  26              		.file 1 "Core/Src/gpio.c"
   1:Core/Src/gpio.c **** /* USER CODE BEGIN Header */
   2:Core/Src/gpio.c **** /**
   3:Core/Src/gpio.c ****   ******************************************************************************
   4:Core/Src/gpio.c ****   * @file    gpio.c
   5:Core/Src/gpio.c ****   * @brief   This file provides code for the configuration
   6:Core/Src/gpio.c ****   *          of all used GPIO pins.
   7:Core/Src/gpio.c ****   ******************************************************************************
   8:Core/Src/gpio.c ****   * @attention
   9:Core/Src/gpio.c ****   *
  10:Core/Src/gpio.c ****   * Copyright (c) 2022 STMicroelectronics.
  11:Core/Src/gpio.c ****   * All rights reserved.
  12:Core/Src/gpio.c ****   *
  13:Core/Src/gpio.c ****   * This software is licensed under terms that can be found in the LICENSE file
  14:Core/Src/gpio.c ****   * in the root directory of this software component.
  15:Core/Src/gpio.c ****   * If no LICENSE file comes with this software, it is provided AS-IS.
  16:Core/Src/gpio.c ****   *
  17:Core/Src/gpio.c ****   ******************************************************************************
  18:Core/Src/gpio.c ****   */
  19:Core/Src/gpio.c **** /* USER CODE END Header */
  20:Core/Src/gpio.c **** 
  21:Core/Src/gpio.c **** /* Includes ------------------------------------------------------------------*/
  22:Core/Src/gpio.c **** #include "gpio.h"
  23:Core/Src/gpio.c **** 
  24:Core/Src/gpio.c **** /* USER CODE BEGIN 0 */
  25:Core/Src/gpio.c **** 
  26:Core/Src/gpio.c **** /* USER CODE END 0 */
  27:Core/Src/gpio.c **** 
  28:Core/Src/gpio.c **** /*----------------------------------------------------------------------------*/
  29:Core/Src/gpio.c **** /* Configure GPIO                                                             */
  30:Core/Src/gpio.c **** /*----------------------------------------------------------------------------*/
  31:Core/Src/gpio.c **** /* USER CODE BEGIN 1 */
  32:Core/Src/gpio.c **** 
ARM GAS  /tmp/ccy5MYcg.s 			page 2


  33:Core/Src/gpio.c **** /* USER CODE END 1 */
  34:Core/Src/gpio.c **** 
  35:Core/Src/gpio.c **** /** Configure pins as
  36:Core/Src/gpio.c ****         * Analog
  37:Core/Src/gpio.c ****         * Input
  38:Core/Src/gpio.c ****         * Output
  39:Core/Src/gpio.c ****         * EVENT_OUT
  40:Core/Src/gpio.c ****         * EXTI
  41:Core/Src/gpio.c **** */
  42:Core/Src/gpio.c **** void MX_GPIO_Init(void)
  43:Core/Src/gpio.c **** {
  27              		.loc 1 43 1 view -0
  28              		.cfi_startproc
  29              		@ args = 0, pretend = 0, frame = 24
  30              		@ frame_needed = 0, uses_anonymous_args = 0
  31 0000 70B5     		push	{r4, r5, r6, lr}
  32              	.LCFI0:
  33              		.cfi_def_cfa_offset 16
  34              		.cfi_offset 4, -16
  35              		.cfi_offset 5, -12
  36              		.cfi_offset 6, -8
  37              		.cfi_offset 14, -4
  38 0002 86B0     		sub	sp, sp, #24
  39              	.LCFI1:
  40              		.cfi_def_cfa_offset 40
  44:Core/Src/gpio.c **** 
  45:Core/Src/gpio.c ****   GPIO_InitTypeDef GPIO_InitStruct = {0};
  41              		.loc 1 45 3 view .LVU1
  42              		.loc 1 45 20 is_stmt 0 view .LVU2
  43 0004 0024     		movs	r4, #0
  44 0006 0294     		str	r4, [sp, #8]
  45 0008 0394     		str	r4, [sp, #12]
  46 000a 0494     		str	r4, [sp, #16]
  47 000c 0594     		str	r4, [sp, #20]
  46:Core/Src/gpio.c **** 
  47:Core/Src/gpio.c ****   /* GPIO Ports Clock Enable */
  48:Core/Src/gpio.c ****   __HAL_RCC_GPIOD_CLK_ENABLE();
  48              		.loc 1 48 3 is_stmt 1 view .LVU3
  49              	.LBB2:
  50              		.loc 1 48 3 view .LVU4
  51              		.loc 1 48 3 view .LVU5
  52 000e 174B     		ldr	r3, .L3
  53 0010 9A69     		ldr	r2, [r3, #24]
  54 0012 42F02002 		orr	r2, r2, #32
  55 0016 9A61     		str	r2, [r3, #24]
  56              		.loc 1 48 3 view .LVU6
  57 0018 9A69     		ldr	r2, [r3, #24]
  58 001a 02F02002 		and	r2, r2, #32
  59 001e 0092     		str	r2, [sp]
  60              		.loc 1 48 3 view .LVU7
  61 0020 009A     		ldr	r2, [sp]
  62              	.LBE2:
  63              		.loc 1 48 3 view .LVU8
  49:Core/Src/gpio.c ****   __HAL_RCC_GPIOA_CLK_ENABLE();
  64              		.loc 1 49 3 view .LVU9
  65              	.LBB3:
  66              		.loc 1 49 3 view .LVU10
ARM GAS  /tmp/ccy5MYcg.s 			page 3


  67              		.loc 1 49 3 view .LVU11
  68 0022 9A69     		ldr	r2, [r3, #24]
  69 0024 42F00402 		orr	r2, r2, #4
  70 0028 9A61     		str	r2, [r3, #24]
  71              		.loc 1 49 3 view .LVU12
  72 002a 9B69     		ldr	r3, [r3, #24]
  73 002c 03F00403 		and	r3, r3, #4
  74 0030 0193     		str	r3, [sp, #4]
  75              		.loc 1 49 3 view .LVU13
  76 0032 019B     		ldr	r3, [sp, #4]
  77              	.LBE3:
  78              		.loc 1 49 3 view .LVU14
  50:Core/Src/gpio.c **** 
  51:Core/Src/gpio.c ****   /*Configure GPIO pin Output Level */
  52:Core/Src/gpio.c ****   HAL_GPIO_WritePin(GPIOA, a_Pin|b_Pin|c_Pin|d_Pin
  79              		.loc 1 52 3 view .LVU15
  80 0034 0E4D     		ldr	r5, .L3+4
  81 0036 2246     		mov	r2, r4
  82 0038 7F21     		movs	r1, #127
  83 003a 2846     		mov	r0, r5
  84 003c FFF7FEFF 		bl	HAL_GPIO_WritePin
  85              	.LVL0:
  53:Core/Src/gpio.c ****                           |e_Pin|f_Pin|g_Pin, GPIO_PIN_RESET);
  54:Core/Src/gpio.c **** 
  55:Core/Src/gpio.c ****   /*Configure GPIO pins : PAPin PAPin PAPin PAPin
  56:Core/Src/gpio.c ****                            PAPin PAPin PAPin */
  57:Core/Src/gpio.c ****   GPIO_InitStruct.Pin = a_Pin|b_Pin|c_Pin|d_Pin
  86              		.loc 1 57 3 view .LVU16
  87              		.loc 1 57 23 is_stmt 0 view .LVU17
  88 0040 7F23     		movs	r3, #127
  89 0042 0293     		str	r3, [sp, #8]
  58:Core/Src/gpio.c ****                           |e_Pin|f_Pin|g_Pin;
  59:Core/Src/gpio.c ****   GPIO_InitStruct.Mode = GPIO_MODE_OUTPUT_PP;
  90              		.loc 1 59 3 is_stmt 1 view .LVU18
  91              		.loc 1 59 24 is_stmt 0 view .LVU19
  92 0044 0126     		movs	r6, #1
  93 0046 0396     		str	r6, [sp, #12]
  60:Core/Src/gpio.c ****   GPIO_InitStruct.Pull = GPIO_NOPULL;
  94              		.loc 1 60 3 is_stmt 1 view .LVU20
  95              		.loc 1 60 24 is_stmt 0 view .LVU21
  96 0048 0494     		str	r4, [sp, #16]
  61:Core/Src/gpio.c ****   GPIO_InitStruct.Speed = GPIO_SPEED_FREQ_LOW;
  97              		.loc 1 61 3 is_stmt 1 view .LVU22
  98              		.loc 1 61 25 is_stmt 0 view .LVU23
  99 004a 0223     		movs	r3, #2
 100 004c 0593     		str	r3, [sp, #20]
  62:Core/Src/gpio.c ****   HAL_GPIO_Init(GPIOA, &GPIO_InitStruct);
 101              		.loc 1 62 3 is_stmt 1 view .LVU24
 102 004e 02A9     		add	r1, sp, #8
 103 0050 2846     		mov	r0, r5
 104 0052 FFF7FEFF 		bl	HAL_GPIO_Init
 105              	.LVL1:
  63:Core/Src/gpio.c **** 
  64:Core/Src/gpio.c ****   /*Configure GPIO pin : PtPin */
  65:Core/Src/gpio.c ****   GPIO_InitStruct.Pin = key_Pin;
 106              		.loc 1 65 3 view .LVU25
 107              		.loc 1 65 23 is_stmt 0 view .LVU26
ARM GAS  /tmp/ccy5MYcg.s 			page 4


 108 0056 8023     		movs	r3, #128
 109 0058 0293     		str	r3, [sp, #8]
  66:Core/Src/gpio.c ****   GPIO_InitStruct.Mode = GPIO_MODE_INPUT;
 110              		.loc 1 66 3 is_stmt 1 view .LVU27
 111              		.loc 1 66 24 is_stmt 0 view .LVU28
 112 005a 0394     		str	r4, [sp, #12]
  67:Core/Src/gpio.c ****   GPIO_InitStruct.Pull = GPIO_PULLUP;
 113              		.loc 1 67 3 is_stmt 1 view .LVU29
 114              		.loc 1 67 24 is_stmt 0 view .LVU30
 115 005c 0496     		str	r6, [sp, #16]
  68:Core/Src/gpio.c ****   HAL_GPIO_Init(key_GPIO_Port, &GPIO_InitStruct);
 116              		.loc 1 68 3 is_stmt 1 view .LVU31
 117 005e 02A9     		add	r1, sp, #8
 118 0060 2846     		mov	r0, r5
 119 0062 FFF7FEFF 		bl	HAL_GPIO_Init
 120              	.LVL2:
  69:Core/Src/gpio.c **** 
  70:Core/Src/gpio.c **** }
 121              		.loc 1 70 1 is_stmt 0 view .LVU32
 122 0066 06B0     		add	sp, sp, #24
 123              	.LCFI2:
 124              		.cfi_def_cfa_offset 16
 125              		@ sp needed
 126 0068 70BD     		pop	{r4, r5, r6, pc}
 127              	.L4:
 128 006a 00BF     		.align	2
 129              	.L3:
 130 006c 00100240 		.word	1073876992
 131 0070 00080140 		.word	1073809408
 132              		.cfi_endproc
 133              	.LFE65:
 135              		.text
 136              	.Letext0:
 137              		.file 2 "/usr/lib/gcc/arm-none-eabi/10.3.1/include/stdint.h"
 138              		.file 3 "Drivers/CMSIS/Device/ST/STM32F1xx/Include/stm32f103xb.h"
 139              		.file 4 "Drivers/STM32F1xx_HAL_Driver/Inc/stm32f1xx_hal_gpio.h"
ARM GAS  /tmp/ccy5MYcg.s 			page 5


DEFINED SYMBOLS
                            *ABS*:0000000000000000 gpio.c
     /tmp/ccy5MYcg.s:16     .text.MX_GPIO_Init:0000000000000000 $t
     /tmp/ccy5MYcg.s:24     .text.MX_GPIO_Init:0000000000000000 MX_GPIO_Init
     /tmp/ccy5MYcg.s:130    .text.MX_GPIO_Init:000000000000006c $d

UNDEFINED SYMBOLS
HAL_GPIO_WritePin
HAL_GPIO_Init
